2026-02-24 13:11:18.495 [main] INFO  com.debs.utils.ConfigReader - Configuration file loaded successfully
2026-02-24 13:11:28.966 [main] INFO  com.debs.utils.DriverFactory - Driver initialized successfully
2026-02-24 13:11:29.927 [main] INFO  com.debs.utils.BasePage - Text entered : michael 
2026-02-24 13:11:30.034 [main] INFO  com.debs.utils.BasePage - Text entered : jackson 
2026-02-24 13:11:30.125 [main] INFO  com.debs.utils.BasePage - Password entered : XXXX 
2026-02-24 13:11:30.197 [main] INFO  com.debs.utils.BasePage - Password entered : XXXX 
2026-02-24 13:11:30.288 [main] INFO  com.debs.utils.BasePage - Text entered : 123 main street 
2026-02-24 13:11:30.371 [main] INFO  com.debs.utils.BasePage - Text entered : atlanta 
2026-02-24 13:11:30.453 [main] INFO  com.debs.utils.BasePage - Text entered : 30001 
2026-02-24 13:11:30.574 [main] INFO  com.debs.utils.BasePage - Clicked on element : [[ChromeDriver: chrome on windows (27ca734f141e0cc56af66627f7aa1f33)] -> id: register-btn] 
2026-02-24 13:11:30.749 [main] INFO  com.debs.utils.BasePage - Text entered : michael 
2026-02-24 13:11:30.828 [main] INFO  com.debs.utils.BasePage - Text entered : jackson 
2026-02-24 13:11:30.910 [main] INFO  com.debs.utils.BasePage - Password entered : XXXX 
2026-02-24 13:11:30.976 [main] INFO  com.debs.utils.BasePage - Password entered : XXXX 
2026-02-24 13:11:31.064 [main] INFO  com.debs.utils.BasePage - Text entered : 123 main street 
2026-02-24 13:11:31.150 [main] INFO  com.debs.utils.BasePage - Text entered : atlanta 
2026-02-24 13:11:31.224 [main] INFO  com.debs.utils.BasePage - Text entered : 30001 
2026-02-24 13:11:31.318 [main] INFO  com.debs.utils.BasePage - Clicked on element : [[ChromeDriver: chrome on windows (27ca734f141e0cc56af66627f7aa1f33)] -> id: register-btn] 
2026-02-24 13:11:31.497 [main] INFO  com.debs.utils.BasePage - Text entered : michael 
2026-02-24 13:11:31.577 [main] INFO  com.debs.utils.BasePage - Text entered : jackson 
2026-02-24 13:11:31.657 [main] INFO  com.debs.utils.BasePage - Password entered : XXXX 
2026-02-24 13:11:31.721 [main] INFO  com.debs.utils.BasePage - Password entered : XXXX 
2026-02-24 13:11:31.810 [main] INFO  com.debs.utils.BasePage - Text entered : 123 main street 
2026-02-24 13:11:31.884 [main] INFO  com.debs.utils.BasePage - Text entered : atlanta 
2026-02-24 13:11:31.959 [main] INFO  com.debs.utils.BasePage - Text entered : 30001 
2026-02-24 13:11:32.050 [main] INFO  com.debs.utils.BasePage - Clicked on element : [[ChromeDriver: chrome on windows (27ca734f141e0cc56af66627f7aa1f33)] -> id: register-btn] 
2026-02-24 13:11:32.211 [main] INFO  com.debs.utils.BasePage - Text entered : michael 
2026-02-24 13:11:32.303 [main] INFO  com.debs.utils.BasePage - Text entered : jackson 
2026-02-24 13:11:32.384 [main] INFO  com.debs.utils.BasePage - Password entered : XXXX 
2026-02-24 13:11:32.447 [main] INFO  com.debs.utils.BasePage - Password entered : XXXX 
2026-02-24 13:11:32.533 [main] INFO  com.debs.utils.BasePage - Text entered : 123 main street 
2026-02-24 13:11:32.610 [main] INFO  com.debs.utils.BasePage - Text entered : atlanta 
2026-02-24 13:11:32.682 [main] INFO  com.debs.utils.BasePage - Text entered : 30001 
2026-02-24 13:11:32.772 [main] INFO  com.debs.utils.BasePage - Clicked on element : [[ChromeDriver: chrome on windows (27ca734f141e0cc56af66627f7aa1f33)] -> id: register-btn] 
2026-02-24 13:11:32.929 [main] INFO  com.debs.utils.BasePage - Text entered : michael 
2026-02-24 13:11:33.007 [main] INFO  com.debs.utils.BasePage - Text entered : jackson 
2026-02-24 13:11:33.084 [main] INFO  com.debs.utils.BasePage - Password entered : XXXX 
2026-02-24 13:11:33.150 [main] INFO  com.debs.utils.BasePage - Password entered : XXXX 
2026-02-24 13:11:33.242 [main] INFO  com.debs.utils.BasePage - Text entered : 123 main street 
2026-02-24 13:11:33.322 [main] INFO  com.debs.utils.BasePage - Text entered : atlanta 
2026-02-24 13:11:33.397 [main] INFO  com.debs.utils.BasePage - Text entered : 30001 
2026-02-24 13:11:33.490 [main] INFO  com.debs.utils.BasePage - Clicked on element : [[ChromeDriver: chrome on windows (27ca734f141e0cc56af66627f7aa1f33)] -> id: register-btn] 
2026-02-24 13:14:46.115 [main] INFO  com.debs.utils.ConfigReader - Configuration file loaded successfully
2026-02-24 13:14:48.179 [main] INFO  com.debs.utils.DriverFactory - Driver initialized successfully
2026-02-24 13:14:49.411 [main] INFO  com.debs.utils.BasePage - Text entered : michael 
2026-02-24 13:14:49.504 [main] INFO  com.debs.utils.BasePage - Text entered : jackson 
2026-02-24 13:14:49.595 [main] INFO  com.debs.utils.BasePage - Password entered : XXXX 
2026-02-24 13:14:49.671 [main] INFO  com.debs.utils.BasePage - Password entered : XXXX 
2026-02-24 13:14:49.767 [main] INFO  com.debs.utils.BasePage - Text entered : 123 main street 
2026-02-24 13:14:49.863 [main] INFO  com.debs.utils.BasePage - Text entered : atlanta 
2026-02-24 13:14:49.961 [main] INFO  com.debs.utils.BasePage - Text entered : 30001 
2026-02-24 13:14:50.080 [main] INFO  com.debs.utils.BasePage - Clicked on element : [[ChromeDriver: chrome on windows (3218450d05e2ce3dcf90c2999efb609e)] -> id: register-btn] 
2026-02-24 13:14:50.282 [main] INFO  com.debs.utils.DriverFactory - Driver quit successfully
2026-02-24 13:14:51.610 [main] INFO  com.debs.utils.DriverFactory - Driver initialized successfully
2026-02-24 13:14:53.557 [main] INFO  com.debs.utils.BasePage - Text entered : michael 
2026-02-24 13:14:53.649 [main] INFO  com.debs.utils.BasePage - Text entered : jackson 
2026-02-24 13:14:53.748 [main] INFO  com.debs.utils.BasePage - Password entered : XXXX 
2026-02-24 13:14:53.816 [main] INFO  com.debs.utils.BasePage - Password entered : XXXX 
2026-02-24 13:14:53.905 [main] INFO  com.debs.utils.BasePage - Text entered : 123 main street 
2026-02-24 13:14:53.984 [main] INFO  com.debs.utils.BasePage - Text entered : atlanta 
2026-02-24 13:14:54.066 [main] INFO  com.debs.utils.BasePage - Text entered : 30001 
2026-02-24 13:14:54.175 [main] INFO  com.debs.utils.BasePage - Clicked on element : [[ChromeDriver: chrome on windows (4afb8d735668cb7651bb66c00f637e6b)] -> id: register-btn] 
2026-02-24 13:14:54.367 [main] INFO  com.debs.utils.DriverFactory - Driver quit successfully
2026-02-24 13:14:55.676 [main] INFO  com.debs.utils.DriverFactory - Driver initialized successfully
2026-02-24 13:14:56.439 [main] INFO  com.debs.utils.BasePage - Text entered : michael 
2026-02-24 13:14:56.546 [main] INFO  com.debs.utils.BasePage - Text entered : jackson 
2026-02-24 13:14:56.648 [main] INFO  com.debs.utils.BasePage - Password entered : XXXX 
2026-02-24 13:14:56.729 [main] INFO  com.debs.utils.BasePage - Password entered : XXXX 
2026-02-24 13:14:56.833 [main] INFO  com.debs.utils.BasePage - Text entered : 123 main street 
2026-02-24 13:14:56.929 [main] INFO  com.debs.utils.BasePage - Text entered : atlanta 
2026-02-24 13:14:57.021 [main] INFO  com.debs.utils.BasePage - Text entered : 30001 
2026-02-24 13:14:57.154 [main] INFO  com.debs.utils.BasePage - Clicked on element : [[ChromeDriver: chrome on windows (35082b89bbd8edaab74c4e8a25929be1)] -> id: register-btn] 
2026-02-24 13:14:57.355 [main] INFO  com.debs.utils.DriverFactory - Driver quit successfully
2026-02-24 13:14:58.853 [main] INFO  com.debs.utils.DriverFactory - Driver initialized successfully
2026-02-24 13:15:00.702 [main] INFO  com.debs.utils.BasePage - Text entered : michael 
2026-02-24 13:15:00.809 [main] INFO  com.debs.utils.BasePage - Text entered : jackson 
2026-02-24 13:15:00.912 [main] INFO  com.debs.utils.BasePage - Password entered : XXXX 
2026-02-24 13:15:00.993 [main] INFO  com.debs.utils.BasePage - Password entered : XXXX 
2026-02-24 13:15:01.097 [main] INFO  com.debs.utils.BasePage - Text entered : 123 main street 
2026-02-24 13:15:01.191 [main] INFO  com.debs.utils.BasePage - Text entered : atlanta 
2026-02-24 13:15:01.283 [main] INFO  com.debs.utils.BasePage - Text entered : 30001 
2026-02-24 13:15:01.420 [main] INFO  com.debs.utils.BasePage - Clicked on element : [[ChromeDriver: chrome on windows (026fa6849bc0b759dd607016431f8fdb)] -> id: register-btn] 
2026-02-24 13:15:01.626 [main] INFO  com.debs.utils.DriverFactory - Driver quit successfully
2026-02-24 13:15:02.917 [main] INFO  com.debs.utils.DriverFactory - Driver initialized successfully
2026-02-24 13:15:03.707 [main] INFO  com.debs.utils.BasePage - Text entered : michael 
2026-02-24 13:15:03.806 [main] INFO  com.debs.utils.BasePage - Text entered : jackson 
2026-02-24 13:15:03.913 [main] INFO  com.debs.utils.BasePage - Password entered : XXXX 
2026-02-24 13:15:04.005 [main] INFO  com.debs.utils.BasePage - Password entered : XXXX 
2026-02-24 13:15:04.096 [main] INFO  com.debs.utils.BasePage - Text entered : 123 main street 
2026-02-24 13:15:04.175 [main] INFO  com.debs.utils.BasePage - Text entered : atlanta 
2026-02-24 13:15:04.250 [main] INFO  com.debs.utils.BasePage - Text entered : 30001 
2026-02-24 13:15:04.365 [main] INFO  com.debs.utils.BasePage - Clicked on element : [[ChromeDriver: chrome on windows (41d3d49882064109a3c073a82c5044ba)] -> id: register-btn] 
2026-02-24 13:15:04.549 [main] INFO  com.debs.utils.DriverFactory - Driver quit successfully
2026-02-24 13:17:10.938 [main] INFO  com.debs.utils.ConfigReader - Configuration file loaded successfully
2026-02-24 13:17:12.805 [main] INFO  com.debs.utils.DriverFactory - Driver initialized successfully
2026-02-24 13:17:13.667 [main] INFO  com.debs.utils.BasePage - Text entered : michael 
2026-02-24 13:17:13.761 [main] INFO  com.debs.utils.BasePage - Text entered : jackson 
2026-02-24 13:17:13.876 [main] INFO  com.debs.utils.BasePage - Password entered : XXXX 
2026-02-24 13:17:13.950 [main] INFO  com.debs.utils.BasePage - Password entered : XXXX 
2026-02-24 13:17:14.044 [main] INFO  com.debs.utils.BasePage - Text entered : 123 main street 
2026-02-24 13:17:14.137 [main] INFO  com.debs.utils.BasePage - Text entered : atlanta 
2026-02-24 13:17:14.220 [main] INFO  com.debs.utils.BasePage - Text entered : 30001 
2026-02-24 13:17:14.337 [main] INFO  com.debs.utils.BasePage - Clicked on element : [[ChromeDriver: chrome on windows (bb2edd5e18622fe0d099b0ccf1b0077c)] -> id: register-btn] 
2026-02-24 13:17:14.562 [main] INFO  com.debs.utils.DriverFactory - Driver quit successfully
2026-02-24 13:17:15.861 [main] INFO  com.debs.utils.DriverFactory - Driver initialized successfully
2026-02-24 13:17:18.099 [main] INFO  com.debs.utils.BasePage - Text entered : michael 
2026-02-24 13:17:18.197 [main] INFO  com.debs.utils.BasePage - Text entered : jackson 
2026-02-24 13:17:18.291 [main] INFO  com.debs.utils.BasePage - Password entered : XXXX 
2026-02-24 13:17:18.361 [main] INFO  com.debs.utils.BasePage - Password entered : XXXX 
2026-02-24 13:17:18.457 [main] INFO  com.debs.utils.BasePage - Text entered : 123 main street 
2026-02-24 13:17:18.538 [main] INFO  com.debs.utils.BasePage - Text entered : atlanta 
2026-02-24 13:17:18.615 [main] INFO  com.debs.utils.BasePage - Text entered : 30001 
2026-02-24 13:17:18.738 [main] INFO  com.debs.utils.BasePage - Clicked on element : [[ChromeDriver: chrome on windows (35a49f93e3f71057523b6ab160831a93)] -> id: register-btn] 
2026-02-24 13:17:18.927 [main] INFO  com.debs.utils.DriverFactory - Driver quit successfully
2026-02-24 13:17:20.166 [main] INFO  com.debs.utils.DriverFactory - Driver initialized successfully
2026-02-24 13:17:21.069 [main] INFO  com.debs.utils.BasePage - Text entered : michael 
2026-02-24 13:17:21.168 [main] INFO  com.debs.utils.BasePage - Text entered : jackson 
2026-02-24 13:17:21.257 [main] INFO  com.debs.utils.BasePage - Password entered : XXXX 
2026-02-24 13:17:21.326 [main] INFO  com.debs.utils.BasePage - Password entered : XXXX 
2026-02-24 13:17:21.420 [main] INFO  com.debs.utils.BasePage - Text entered : 123 main street 
2026-02-24 13:17:21.497 [main] INFO  com.debs.utils.BasePage - Text entered : atlanta 
2026-02-24 13:17:21.576 [main] INFO  com.debs.utils.BasePage - Text entered : 30001 
2026-02-24 13:17:21.684 [main] INFO  com.debs.utils.BasePage - Clicked on element : [[ChromeDriver: chrome on windows (f8b886a5aba324aa8dfc0ee35fb0a6c9)] -> id: register-btn] 
2026-02-24 13:17:21.893 [main] INFO  com.debs.utils.DriverFactory - Driver quit successfully
2026-02-24 13:17:23.160 [main] INFO  com.debs.utils.DriverFactory - Driver initialized successfully
2026-02-24 13:17:25.230 [main] INFO  com.debs.utils.BasePage - Text entered : michael 
2026-02-24 13:17:25.331 [main] INFO  com.debs.utils.BasePage - Text entered : jackson 
2026-02-24 13:17:25.426 [main] INFO  com.debs.utils.BasePage - Password entered : XXXX 
2026-02-24 13:17:25.499 [main] INFO  com.debs.utils.BasePage - Password entered : XXXX 
2026-02-24 13:17:25.589 [main] INFO  com.debs.utils.BasePage - Text entered : 123 main street 
2026-02-24 13:17:25.667 [main] INFO  com.debs.utils.BasePage - Text entered : atlanta 
2026-02-24 13:17:25.743 [main] INFO  com.debs.utils.BasePage - Text entered : 30001 
2026-02-24 13:17:25.854 [main] INFO  com.debs.utils.BasePage - Clicked on element : [[ChromeDriver: chrome on windows (e94d4e6d90ae1d7c14afa496b1457d89)] -> id: register-btn] 
2026-02-24 13:17:26.056 [main] INFO  com.debs.utils.DriverFactory - Driver quit successfully
2026-02-24 13:17:27.237 [main] INFO  com.debs.utils.DriverFactory - Driver initialized successfully
2026-02-24 13:17:28.004 [main] INFO  com.debs.utils.BasePage - Text entered : michael 
2026-02-24 13:17:28.089 [main] INFO  com.debs.utils.BasePage - Text entered : jackson 
2026-02-24 13:17:28.186 [main] INFO  com.debs.utils.BasePage - Password entered : XXXX 
2026-02-24 13:17:28.255 [main] INFO  com.debs.utils.BasePage - Password entered : XXXX 
2026-02-24 13:17:28.340 [main] INFO  com.debs.utils.BasePage - Text entered : 123 main street 
2026-02-24 13:17:28.418 [main] INFO  com.debs.utils.BasePage - Text entered : atlanta 
2026-02-24 13:17:28.490 [main] INFO  com.debs.utils.BasePage - Text entered : 30001 
2026-02-24 13:17:28.599 [main] INFO  com.debs.utils.BasePage - Clicked on element : [[ChromeDriver: chrome on windows (e37903f63f12cf70e63623348f6e93ff)] -> id: register-btn] 
2026-02-24 13:17:28.782 [main] INFO  com.debs.utils.DriverFactory - Driver quit successfully
2026-02-24 13:25:29.709 [main] INFO  com.debs.utils.ConfigReader - Configuration file loaded successfully
2026-02-24 13:25:31.827 [main] INFO  com.debs.utils.DriverFactory - Driver initialized successfully
2026-02-24 13:25:32.657 [main] INFO  com.debs.utils.BasePage - Text entered : michael 
2026-02-24 13:25:32.746 [main] INFO  com.debs.utils.BasePage - Text entered : jackson 
2026-02-24 13:25:32.840 [main] INFO  com.debs.utils.BasePage - Password entered : XXXX 
2026-02-24 13:25:32.910 [main] INFO  com.debs.utils.BasePage - Password entered : XXXX 
2026-02-24 13:25:33.009 [main] INFO  com.debs.utils.BasePage - Text entered : 123 main street 
2026-02-24 13:25:33.090 [main] INFO  com.debs.utils.BasePage - Text entered : atlanta 
2026-02-24 13:25:33.166 [main] INFO  com.debs.utils.BasePage - Text entered : 30001 
2026-02-24 13:25:33.316 [main] INFO  com.debs.utils.BasePage - Option Hawaii is selected 
2026-02-24 13:25:33.414 [main] INFO  com.debs.utils.BasePage - Clicked on element : [[ChromeDriver: chrome on windows (32fa7ac8da96f56598551a8367156409)] -> id: register-btn] 
2026-02-24 13:25:33.637 [main] INFO  com.debs.utils.DriverFactory - Driver quit successfully
2026-02-24 13:25:34.829 [main] INFO  com.debs.utils.DriverFactory - Driver initialized successfully
2026-02-24 13:25:37.136 [main] INFO  com.debs.utils.BasePage - Text entered : michael 
2026-02-24 13:25:37.236 [main] INFO  com.debs.utils.BasePage - Text entered : jackson 
2026-02-24 13:25:37.324 [main] INFO  com.debs.utils.BasePage - Password entered : XXXX 
2026-02-24 13:25:37.397 [main] INFO  com.debs.utils.BasePage - Password entered : XXXX 
2026-02-24 13:25:37.488 [main] INFO  com.debs.utils.BasePage - Text entered : 123 main street 
2026-02-24 13:25:37.569 [main] INFO  com.debs.utils.BasePage - Text entered : atlanta 
2026-02-24 13:25:37.656 [main] INFO  com.debs.utils.BasePage - Text entered : 30001 
2026-02-24 13:25:37.798 [main] INFO  com.debs.utils.BasePage - Option Hawaii is selected 
2026-02-24 13:25:37.899 [main] INFO  com.debs.utils.BasePage - Clicked on element : [[ChromeDriver: chrome on windows (59e589b28a48a0a81b12a69fc5f653dc)] -> id: register-btn] 
2026-02-24 13:25:38.089 [main] INFO  com.debs.utils.DriverFactory - Driver quit successfully
2026-02-24 13:25:39.269 [main] INFO  com.debs.utils.DriverFactory - Driver initialized successfully
2026-02-24 13:25:40.092 [main] INFO  com.debs.utils.BasePage - Text entered : michael 
2026-02-24 13:25:40.191 [main] INFO  com.debs.utils.BasePage - Text entered : jackson 
2026-02-24 13:25:40.287 [main] INFO  com.debs.utils.BasePage - Password entered : XXXX 
2026-02-24 13:25:40.356 [main] INFO  com.debs.utils.BasePage - Password entered : XXXX 
2026-02-24 13:25:40.448 [main] INFO  com.debs.utils.BasePage - Text entered : 123 main street 
2026-02-24 13:25:40.527 [main] INFO  com.debs.utils.BasePage - Text entered : atlanta 
2026-02-24 13:25:40.603 [main] INFO  com.debs.utils.BasePage - Text entered : 30001 
2026-02-24 13:25:40.741 [main] INFO  com.debs.utils.BasePage - Option Hawaii is selected 
2026-02-24 13:25:40.843 [main] INFO  com.debs.utils.BasePage - Clicked on element : [[ChromeDriver: chrome on windows (5e1fa0a089a6697b3113ca8f42a89af3)] -> id: register-btn] 
2026-02-24 13:25:41.026 [main] INFO  com.debs.utils.DriverFactory - Driver quit successfully
2026-02-24 13:25:42.236 [main] INFO  com.debs.utils.DriverFactory - Driver initialized successfully
2026-02-24 13:25:44.738 [main] INFO  com.debs.utils.BasePage - Text entered : michael 
2026-02-24 13:25:44.829 [main] INFO  com.debs.utils.BasePage - Text entered : jackson 
2026-02-24 13:25:44.922 [main] INFO  com.debs.utils.BasePage - Password entered : XXXX 
2026-02-24 13:25:44.991 [main] INFO  com.debs.utils.BasePage - Password entered : XXXX 
2026-02-24 13:25:45.081 [main] INFO  com.debs.utils.BasePage - Text entered : 123 main street 
2026-02-24 13:25:45.161 [main] INFO  com.debs.utils.BasePage - Text entered : atlanta 
2026-02-24 13:25:45.236 [main] INFO  com.debs.utils.BasePage - Text entered : 30001 
2026-02-24 13:25:45.379 [main] INFO  com.debs.utils.BasePage - Option Hawaii is selected 
2026-02-24 13:25:45.479 [main] INFO  com.debs.utils.BasePage - Clicked on element : [[ChromeDriver: chrome on windows (f3a94d48dd7c6b8cdffb28786cd31e77)] -> id: register-btn] 
2026-02-24 13:25:45.659 [main] INFO  com.debs.utils.DriverFactory - Driver quit successfully
2026-02-24 13:25:46.801 [main] INFO  com.debs.utils.DriverFactory - Driver initialized successfully
2026-02-24 13:25:47.719 [main] INFO  com.debs.utils.BasePage - Text entered : michael 
2026-02-24 13:25:47.811 [main] INFO  com.debs.utils.BasePage - Text entered : jackson 
2026-02-24 13:25:47.905 [main] INFO  com.debs.utils.BasePage - Password entered : XXXX 
2026-02-24 13:25:47.975 [main] INFO  com.debs.utils.BasePage - Password entered : XXXX 
2026-02-24 13:25:48.061 [main] INFO  com.debs.utils.BasePage - Text entered : 123 main street 
2026-02-24 13:25:48.142 [main] INFO  com.debs.utils.BasePage - Text entered : atlanta 
2026-02-24 13:25:48.221 [main] INFO  com.debs.utils.BasePage - Text entered : 30001 
2026-02-24 13:25:48.362 [main] INFO  com.debs.utils.BasePage - Option Hawaii is selected 
2026-02-24 13:25:48.466 [main] INFO  com.debs.utils.BasePage - Clicked on element : [[ChromeDriver: chrome on windows (44faaf4b8b3ac2794d751d165cf43e0b)] -> id: register-btn] 
2026-02-24 13:25:48.681 [main] INFO  com.debs.utils.DriverFactory - Driver quit successfully
